<?xml version="1.0" encoding="UTF-8"?>
<!-- Generated by org.testng.reporters.JUnitXMLReporter -->
<testsuite ignored="0" hostname="Ridhu-96" failures="0" tests="4" name="Default test" time="146.341" errors="0" timestamp="2023-08-11T12:19:02 IST">
  <testcase classname="Test.LoginTest" name="test1" time="33.926"/>
  <testcase classname="Test.CartTest" name="test2" time="44.25"/>
  <testcase classname="Test.SearchTest" name="test3" time="13.2"/>
  <testcase classname="Test.LogoutTest" name="test4" time="47.24"/>
</testsuite> <!-- Default test -->
