<?xml version="1.0" encoding="UTF-8"?>
<testng-results ignored="0" total="4" passed="4" failed="0" skipped="0">
  <reporter-output>
  </reporter-output>
  <suite started-at="2023-08-11T12:16:36 IST" name="Default suite" finished-at="2023-08-11T12:19:02 IST" duration-ms="146341">
    <groups>
    </groups>
    <test started-at="2023-08-11T12:16:36 IST" name="Default test" finished-at="2023-08-11T12:19:02 IST" duration-ms="146341">
      <class name="Test.LogoutTest">
        <test-method is-config="true" signature="Setup()[pri:0, instance:Test.LogoutTest@bae7dc0]" started-at="2023-08-11T12:16:36 IST" name="Setup" finished-at="2023-08-11T12:16:44 IST" duration-ms="7693" status="PASS">
          <reporter-output>
          </reporter-output>
        </test-method> <!-- Setup -->
        <test-method signature="test1()[pri:1, instance:Test.LogoutTest@bae7dc0]" started-at="2023-08-11T12:16:44 IST" name="test1" finished-at="2023-08-11T12:17:18 IST" duration-ms="33926" status="PASS">
          <reporter-output>
          </reporter-output>
        </test-method> <!-- test1 -->
        <test-method signature="test2()[pri:2, instance:Test.LogoutTest@bae7dc0]" started-at="2023-08-11T12:17:18 IST" name="test2" finished-at="2023-08-11T12:18:02 IST" duration-ms="44250" status="PASS">
          <reporter-output>
          </reporter-output>
        </test-method> <!-- test2 -->
        <test-method signature="test3()[pri:3, instance:Test.LogoutTest@bae7dc0]" started-at="2023-08-11T12:18:02 IST" name="test3" finished-at="2023-08-11T12:18:15 IST" duration-ms="13200" status="PASS">
          <reporter-output>
          </reporter-output>
        </test-method> <!-- test3 -->
        <test-method signature="test4()[pri:4, instance:Test.LogoutTest@bae7dc0]" started-at="2023-08-11T12:18:15 IST" name="test4" finished-at="2023-08-11T12:19:02 IST" duration-ms="47240" status="PASS">
          <reporter-output>
          </reporter-output>
        </test-method> <!-- test4 -->
      </class> <!-- Test.LogoutTest -->
    </test> <!-- Default test -->
  </suite> <!-- Default suite -->
</testng-results>
